n
d0c0 20d4 76fc 0939 7144 7a77 6bd6 c544 cf44 3f22 1335 0bfb 8eba 0f86 440d 1dd3 
2ae2 de63 f973 6ce6 8293 a40d 075b 123a cc08 57be 2196 2489 2ec7 2e2a 681f 39c4 
6dca 4697 ff79 b06d 5097 1988 9917 fdcf 2aff 81e8 fc1e 60ef 0201 71da 2200 db93 
4fc2 b6b0 fd50 8179 3ba2 84b8 c9cf df11 85b7 23c8 83af b56f 46ae 4979 6aef 7e73 
f4ff 29fc e15d 2eab 2c49 f57f 3c31 72bf 0358 8110 ea2c 6312 1257 e8f9 d343 2f65 
5e23 c41e 86c0 21d9 c1ca 3edc d329 2e24 3b3c dc08 f207 7a31 f1ec f099 10e7 8032 
592b da6c 126a abfc 192f f2f1 1fe8 f56e 5ca0 14a9 a745 fbfa 1d42 f02a b945 f7bb 
4e9c b644 157d 5561 3145 83e4 7730 ff3c 6987 5183 7446 a635 d0a3 33fd f9f1 d1b1 

NUM_SIZE = 256
MSG_SIZE = 32
msg
6e65 7720 6d65 7373 6167 6520 6672 6f6d 2063 6c69 656e 7420 6e75 6d62 6572 2032 

random padding
len pad : 224
0265 b81c 4584 1199 6cfb 3309 47a9 917a ec04 2ea8 8aa7 d244 0d7b 93ac 12dd 0e7a 
20eb ea43 2e6b 4f14 7615 020c 8a2e dade 279c f657 394f 84d0 6023 53f0 fb19 37ea 
e879 ce49 bf23 8c61 9fbb 27e1 27fb 717a b864 7d90 efda 29cf fea0 0362 bf4f d212 
0916 89c8 5d14 5f23 84ae e6b1 6ae2 da2f 7636 d8b3 45ae d9b5 3238 765e e62a c681 
e369 ab39 a610 d303 0a51 72c9 5402 222c caf0 a874 1673 497f 682d 8fbe 5e2b 3391 
d26e 5d0f 9654 64f1 9fd0 9d41 8893 e65e 9d84 93ff 67bf a3d5 f8c7 778d 9eaa afe4 
5f58 eb10 47c0 442e c08a b35b f57e 8d23 720e 7598 09fb 1850 d967 6936 680a 006e 
6577 206d 6573 7361 6765 2066 726f 6d20 636c 6965 6e74 206e 756d 6265 7220 32
encoded1
59ae 8ee7 2587 5339 197a 7cbc f5c9 2cb4 7a89 560d 7c60 38ed 7d8d 3921 8edd 3803 
de2f bfe1 6039 ae4b c16a 622c bfad a1fc 6f9b 4e91 bd88 5db8 b752 34c6 4cc6 201f 
d356 7298 7535 2e01 7eff 00c2 cce3 d143 80f2 1f2e 7396 a7ab 7fb2 5a5e bb52 bd8b 
62b0 7ea5 b782 9a43 c3d0 b67e f0bf b4eb 03bc c457 c776 ef62 e264 2343 fd03 1cef 
161a 02b9 9799 dea6 0de6 a138 2781 4674 1c96 a748 d5f7 c9d1 3ea1 679e 74b7 85f3 
7348 6b30 0732 466b 26fa cb73 1a1e 9c03 6d9e f6e8 d201 343f b80d 6203 f566 7e77 
4d4f 4810 b639 acbf f175 d85a 2c68 578c 6d14 8bb3 9e98 813d af5f d99b 4eb2 544a 
29c5 4894 0803 2b20 492e 1511 4354 81ee 8b19 dc07 d97e 9ef4 7604 9109 7351 887e 

enc bytes =  b"Y\xae\x8e\xe7%\x87S9\x19z|\xbc\xf5\xc9,\xb4z\x89V\r|`8\xed}\x8d9!\x8e\xdd8\x03\xde/\xbf\xe1`9\xaeK\xc1jb,\xbf\xad\xa1\xfco\x9bN\x91\xbd\x88]\xb8\xb7R4\xc6L\xc6 \x1f\xd3Vr\x98u5.\x01~\xff\x00\xc2\xcc\xe3\xd1C\x80\xf2\x1f.s\x96\xa7\xab\x7f\xb2Z^\xbbR\xbd\x8bb\xb0~\xa5\xb7\x82\x9aC\xc3\xd0\xb6~\xf0\xbf\xb4\xeb\x03\xbc\xc4W\xc7v\xefb\xe2d#C\xfd\x03\x1c\xef\x16\x1a\x02\xb9\x97\x99\xde\xa6\r\xe6\xa18'\x81Ft\x1c\x96\xa7H\xd5\xf7\xc9\xd1>\xa1g\x9et\xb7\x85\xf3sHk0\x072Fk&\xfa\xcbs\x1a\x1e\x9c\x03m\x9e\xf6\xe8\xd2\x014?\xb8\rb\x03\xf5f~wMOH\x10\xb69\xac\xbf\xf1u\xd8Z,hW\x8cm\x14\x8b\xb3\x9e\x98\x81=\xaf_\xd9\x9bN\xb2TJ)\xc5H\x94\x08\x03+ I.\x15\x11CT\x81\xee\x8b\x19\xdc\x07\xd9~\x9e\xf4v\x04\x91\tsQ\x88~"
b"Y\xae\x8e\xe7%\x87S9\x19z|\xbc\xf5\xc9,\xb4z\x89V\r|`8\xed}\x8d9!\x8e\xdd8\x03\xde/\xbf\xe1`9\xaeK\xc1jb,\xbf\xad\xa1\xfco\x9bN\x91\xbd\x88]\xb8\xb7R4\xc6L\xc6 \x1f\xd3Vr\x98u5.\x01~\xff\x00\xc2\xcc\xe3\xd1C\x80\xf2\x1f.s\x96\xa7\xab\x7f\xb2Z^\xbbR\xbd\x8bb\xb0~\xa5\xb7\x82\x9aC\xc3\xd0\xb6~\xf0\xbf\xb4\xeb\x03\xbc\xc4W\xc7v\xefb\xe2d#C\xfd\x03\x1c\xef\x16\x1a\x02\xb9\x97\x99\xde\xa6\r\xe6\xa18'\x81Ft\x1c\x96\xa7H\xd5\xf7\xc9\xd1>\xa1g\x9et\xb7\x85\xf3sHk0\x072Fk&\xfa\xcbs\x1a\x1e\x9c\x03m\x9e\xf6\xe8\xd2\x014?\xb8\rb\x03\xf5f~wMOH\x10\xb69\xac\xbf\xf1u\xd8Z,hW\x8cm\x14\x8b\xb3\x9e\x98\x81=\xaf_\xd9\x9bN\xb2TJ)\xc5H\x94\x08\x03+ I.\x15\x11CT\x81\xee\x8b\x19\xdc\x07\xd9~\x9e\xf4v\x04\x91\tsQ\x88~\x00"
n
d0c0 20d4 76fc 0939 7144 7a77 6bd6 c544 cf44 3f22 1335 0bfb 8eba 0f86 440d 1dd3 
2ae2 de63 f973 6ce6 8293 a40d 075b 123a cc08 57be 2196 2489 2ec7 2e2a 681f 39c4 
6dca 4697 ff79 b06d 5097 1988 9917 fdcf 2aff 81e8 fc1e 60ef 0201 71da 2200 db93 
4fc2 b6b0 fd50 8179 3ba2 84b8 c9cf df11 85b7 23c8 83af b56f 46ae 4979 6aef 7e73 
f4ff 29fc e15d 2eab 2c49 f57f 3c31 72bf 0358 8110 ea2c 6312 1257 e8f9 d343 2f65 
5e23 c41e 86c0 21d9 c1ca 3edc d329 2e24 3b3c dc08 f207 7a31 f1ec f099 10e7 8032 
592b da6c 126a abfc 192f f2f1 1fe8 f56e 5ca0 14a9 a745 fbfa 1d42 f02a b945 f7bb 
4e9c b644 157d 5561 3145 83e4 7730 ff3c 6987 5183 7446 a635 d0a3 33fd f9f1 d1b1 

NUM_SIZE = 256
MSG_SIZE = 32
msg
6e65 7720 6d65 7373 6167 6520 6672 6f6d 2063 6c69 656e 7420 6e75 6d62 6572 2034 

random padding
len pad : 224
022e d616 9bb3 2767 58c2 dfb2 71d3 8af4 9dbb ed95 7065 e946 b97b 2638 e24b eb38 
0d40 2e4b 3dc4 b363 8787 34ac 5244 c789 51bd 47d5 7bbe 28d4 e39f afc4 bc4a 1cc7 
e967 8674 84fd 54ea 4990 1023 fa2b 6eb7 5e3a 3c23 555a 36f1 3ffd 2a2d e149 bc4d 
9a6c 7ce6 6880 b1e1 808a f3be fcaa aa75 43b1 b5fc d810 f861 8506 9a6e a5fb 2812 
13a3 27f6 8283 de57 3282 cae7 f4ea 168b 937b faa2 1080 7e8a d568 e5b0 d353 911e 
250c f252 2ff1 45c8 9a5b 3808 3bed 4bb0 a27d 63cf 1b85 20c4 8354 163a b159 b299 
56a0 13df 489d 022a 332c 7b13 ba05 fb4a 4f7e 9db1 c921 412b 7ecd 08c4 98b5 006e 
6577 206d 6573 7361 6765 2066 726f 6d20 636c 6965 6e74 206e 756d 6265 7220 34
encoded1
192f 3720 2422 8ba9 c93f e108 f115 9ce4 f28a e678 bd43 62ac f942 6b51 ac64 76d1 
951f 29e8 2d0b 9d97 a3aa bdb5 e676 4db8 31a3 bd92 3efa 3d9e 72e0 0228 b146 a0aa 
2e40 44c9 f7dc 1c8e 319a 8675 c83c f4af aded 1558 5c79 7538 f7e4 7f5e 6995 680e 
8d59 6f9d 975f a779 1c3d ed6c cfdd 552b b407 5051 1656 818b 9ecf 9dd6 a0be 1d0b 
4e69 a75c 46d2 1fdf 86ae 4985 7bd5 0b96 79ce 30ce 91d5 7519 08f2 74bc 7c92 cf15 
afc0 fad5 2dda ef3e 6d62 9b6e 1e67 82dc 3679 a04c 4d92 9dc6 91e9 f375 4b14 7814 
584c ab69 794d f7d2 123d 756a 5ce5 fa4c 8359 1ae7 6dc1 63ef 8152 56ae b4a2 d55d 
1f47 63a6 2362 8a5f 9243 4aee 7515 8180 e1d1 39f7 c2cc 2f54 4475 3129 01fb 6542 

enc bytes =  b'\x19/7 $"\x8b\xa9\xc9?\xe1\x08\xf1\x15\x9c\xe4\xf2\x8a\xe6x\xbdCb\xac\xf9BkQ\xacdv\xd1\x95\x1f)\xe8-\x0b\x9d\x97\xa3\xaa\xbd\xb5\xe6vM\xb81\xa3\xbd\x92>\xfa=\x9er\xe0\x02(\xb1F\xa0\xaa.@D\xc9\xf7\xdc\x1c\x8e1\x9a\x86u\xc8<\xf4\xaf\xad\xed\x15X\\yu8\xf7\xe4\x7f^i\x95h\x0e\x8dYo\x9d\x97_\xa7y\x1c=\xedl\xcf\xddU+\xb4\x07PQ\x16V\x81\x8b\x9e\xcf\x9d\xd6\xa0\xbe\x1d\x0bNi\xa7\\F\xd2\x1f\xdf\x86\xaeI\x85{\xd5\x0b\x96y\xce0\xce\x91\xd5u\x19\x08\xf2t\xbc|\x92\xcf\x15\xaf\xc0\xfa\xd5-\xda\xef>mb\x9bn\x1eg\x82\xdc6y\xa0LM\x92\x9d\xc6\x91\xe9\xf3uK\x14x\x14XL\xabiyM\xf7\xd2\x12=uj\\\xe5\xfaL\x83Y\x1a\xe7m\xc1c\xef\x81RV\xae\xb4\xa2\xd5]\x1fGc\xa6#b\x8a_\x92CJ\xeeu\x15\x81\x80\xe1\xd19\xf7\xc2\xcc/TDu1)\x01\xfbeB'
b'\x19/7 $"\x8b\xa9\xc9?\xe1\x08\xf1\x15\x9c\xe4\xf2\x8a\xe6x\xbdCb\xac\xf9BkQ\xacdv\xd1\x95\x1f)\xe8-\x0b\x9d\x97\xa3\xaa\xbd\xb5\xe6vM\xb81\xa3\xbd\x92>\xfa=\x9er\xe0\x02(\xb1F\xa0\xaa.@D\xc9\xf7\xdc\x1c\x8e1\x9a\x86u\xc8<\xf4\xaf\xad\xed\x15X\\yu8\xf7\xe4\x7f^i\x95h\x0e\x8dYo\x9d\x97_\xa7y\x1c=\xedl\xcf\xddU+\xb4\x07PQ\x16V\x81\x8b\x9e\xcf\x9d\xd6\xa0\xbe\x1d\x0bNi\xa7\\F\xd2\x1f\xdf\x86\xaeI\x85{\xd5\x0b\x96y\xce0\xce\x91\xd5u\x19\x08\xf2t\xbc|\x92\xcf\x15\xaf\xc0\xfa\xd5-\xda\xef>mb\x9bn\x1eg\x82\xdc6y\xa0LM\x92\x9d\xc6\x91\xe9\xf3uK\x14x\x14XL\xabiyM\xf7\xd2\x12=uj\\\xe5\xfaL\x83Y\x1a\xe7m\xc1c\xef\x81RV\xae\xb4\xa2\xd5]\x1fGc\xa6#b\x8a_\x92CJ\xeeu\x15\x81\x80\xe1\xd19\xf7\xc2\xcc/TDu1)\x01\xfbeB\x00'
n
d0c0 20d4 76fc 0939 7144 7a77 6bd6 c544 cf44 3f22 1335 0bfb 8eba 0f86 440d 1dd3 
2ae2 de63 f973 6ce6 8293 a40d 075b 123a cc08 57be 2196 2489 2ec7 2e2a 681f 39c4 
6dca 4697 ff79 b06d 5097 1988 9917 fdcf 2aff 81e8 fc1e 60ef 0201 71da 2200 db93 
4fc2 b6b0 fd50 8179 3ba2 84b8 c9cf df11 85b7 23c8 83af b56f 46ae 4979 6aef 7e73 
f4ff 29fc e15d 2eab 2c49 f57f 3c31 72bf 0358 8110 ea2c 6312 1257 e8f9 d343 2f65 
5e23 c41e 86c0 21d9 c1ca 3edc d329 2e24 3b3c dc08 f207 7a31 f1ec f099 10e7 8032 
592b da6c 126a abfc 192f f2f1 1fe8 f56e 5ca0 14a9 a745 fbfa 1d42 f02a b945 f7bb 
4e9c b644 157d 5561 3145 83e4 7730 ff3c 6987 5183 7446 a635 d0a3 33fd f9f1 d1b1 

NUM_SIZE = 256
MSG_SIZE = 32
msg
6e65 7720 6d65 7373 6167 6520 6672 6f6d 2063 6c69 656e 7420 6e75 6d62 6572 2039 

random padding
len pad : 224
0254 88c9 4cd4 e28c 4426 c256 ea1b a649 c153 7d5c e502 d0af 7981 4fed 6b0f 3adb 
a76a 44b3 86bb 5dc6 c886 0ce6 7e1b 5a7d 546a 5bf5 4a56 2792 850a 4a18 7061 3c06 
bf28 c050 c056 a51d 78d9 7c76 36dc a772 4cae e509 229d 3219 053c 1ea3 9a15 9521 
89c8 465a 2747 90dc a1b2 b28e 47d8 b402 6a8a af98 99ca e817 4f02 7eb9 1611 ac25 
9d0f 56c3 a0c8 cc74 47b2 437d f15f 7c69 fa2e c397 2194 5f10 60d0 07f3 5d77 4bf6 
031a cb84 9b37 311b 89fb 013a 2570 a9b9 e061 d0b4 cdb3 05c8 12d2 76fd 8ce3 7776 
a7a4 12ec 8a77 d72e 6e0f adbe 883d afae 26e7 be2e 1fb2 2c88 1193 6e90 aa63 006e 
6577 206d 6573 7361 6765 2066 726f 6d20 636c 6965 6e74 206e 756d 6265 7220 39
encoded1
0974 46fc 8432 fdd9 249d 0644 fc93 cd16 36b3 eb23 456d f733 0d2b dd68 40a9 e5ac 
cc7e 940f 049e c0f9 81cc 0c2e 56b2 16f3 8496 a2c2 9d94 e2f3 57d5 6d07 335b ba0e 
90c0 f17c 59c7 7e6c 1070 44a6 f9a2 c619 010b d6dc 01ce 79e4 f838 15b1 fa1f 62b9 
d806 e5be dea4 b5ca 7660 13fb 379a 03e2 a791 e17a a4c0 0923 1b0c 50f6 d24b b113 
a11a e941 84d4 e801 e0e2 deb8 ad6e 989e f2d3 dd1c 3a56 0749 df0a d957 e486 2fb4 
9e03 4dd2 c410 96d3 4161 0b9f 8861 55ea d8b9 ab84 e89c 56da 03a6 98a4 b470 1cd6 
df46 3ef0 5c8d f6ca bd8d 76ea 6a61 d6d1 f8d7 621a 3f2d 56b1 25bf 8f2a c6d3 ec34 
d73c bedb c45e 8be9 3656 3400 ff21 4d9f 8f70 30fb 61d5 e8ff aa05 8b4b b46f 2115 

enc bytes =  b'\ttF\xfc\x842\xfd\xd9$\x9d\x06D\xfc\x93\xcd\x166\xb3\xeb#Em\xf73\r+\xddh@\xa9\xe5\xac\xcc~\x94\x0f\x04\x9e\xc0\xf9\x81\xcc\x0c.V\xb2\x16\xf3\x84\x96\xa2\xc2\x9d\x94\xe2\xf3W\xd5m\x073[\xba\x0e\x90\xc0\xf1|Y\xc7~l\x10pD\xa6\xf9\xa2\xc6\x19\x01\x0b\xd6\xdc\x01\xcey\xe4\xf88\x15\xb1\xfa\x1fb\xb9\xd8\x06\xe5\xbe\xde\xa4\xb5\xcav`\x13\xfb7\x9a\x03\xe2\xa7\x91\xe1z\xa4\xc0\t#\x1b\x0cP\xf6\xd2K\xb1\x13\xa1\x1a\xe9A\x84\xd4\xe8\x01\xe0\xe2\xde\xb8\xadn\x98\x9e\xf2\xd3\xdd\x1c:V\x07I\xdf\n\xd9W\xe4\x86/\xb4\x9e\x03M\xd2\xc4\x10\x96\xd3Aa\x0b\x9f\x88aU\xea\xd8\xb9\xab\x84\xe8\x9cV\xda\x03\xa6\x98\xa4\xb4p\x1c\xd6\xdfF>\xf0\\\x8d\xf6\xca\xbd\x8dv\xeaja\xd6\xd1\xf8\xd7b\x1a?-V\xb1%\xbf\x8f*\xc6\xd3\xec4\xd7<\xbe\xdb\xc4^\x8b\xe96V4\x00\xff!M\x9f\x8fp0\xfba\xd5\xe8\xff\xaa\x05\x8bK\xb4o!\x15'
b'\ttF\xfc\x842\xfd\xd9$\x9d\x06D\xfc\x93\xcd\x166\xb3\xeb#Em\xf73\r+\xddh@\xa9\xe5\xac\xcc~\x94\x0f\x04\x9e\xc0\xf9\x81\xcc\x0c.V\xb2\x16\xf3\x84\x96\xa2\xc2\x9d\x94\xe2\xf3W\xd5m\x073[\xba\x0e\x90\xc0\xf1|Y\xc7~l\x10pD\xa6\xf9\xa2\xc6\x19\x01\x0b\xd6\xdc\x01\xcey\xe4\xf88\x15\xb1\xfa\x1fb\xb9\xd8\x06\xe5\xbe\xde\xa4\xb5\xcav`\x13\xfb7\x9a\x03\xe2\xa7\x91\xe1z\xa4\xc0\t#\x1b\x0cP\xf6\xd2K\xb1\x13\xa1\x1a\xe9A\x84\xd4\xe8\x01\xe0\xe2\xde\xb8\xadn\x98\x9e\xf2\xd3\xdd\x1c:V\x07I\xdf\n\xd9W\xe4\x86/\xb4\x9e\x03M\xd2\xc4\x10\x96\xd3Aa\x0b\x9f\x88aU\xea\xd8\xb9\xab\x84\xe8\x9cV\xda\x03\xa6\x98\xa4\xb4p\x1c\xd6\xdfF>\xf0\\\x8d\xf6\xca\xbd\x8dv\xeaja\xd6\xd1\xf8\xd7b\x1a?-V\xb1%\xbf\x8f*\xc6\xd3\xec4\xd7<\xbe\xdb\xc4^\x8b\xe96V4\x00\xff!M\x9f\x8fp0\xfba\xd5\xe8\xff\xaa\x05\x8bK\xb4o!\x15\x00'
n
d0c0 20d4 76fc 0939 7144 7a77 6bd6 c544 cf44 3f22 1335 0bfb 8eba 0f86 440d 1dd3 
2ae2 de63 f973 6ce6 8293 a40d 075b 123a cc08 57be 2196 2489 2ec7 2e2a 681f 39c4 
6dca 4697 ff79 b06d 5097 1988 9917 fdcf 2aff 81e8 fc1e 60ef 0201 71da 2200 db93 
4fc2 b6b0 fd50 8179 3ba2 84b8 c9cf df11 85b7 23c8 83af b56f 46ae 4979 6aef 7e73 
f4ff 29fc e15d 2eab 2c49 f57f 3c31 72bf 0358 8110 ea2c 6312 1257 e8f9 d343 2f65 
5e23 c41e 86c0 21d9 c1ca 3edc d329 2e24 3b3c dc08 f207 7a31 f1ec f099 10e7 8032 
592b da6c 126a abfc 192f f2f1 1fe8 f56e 5ca0 14a9 a745 fbfa 1d42 f02a b945 f7bb 
4e9c b644 157d 5561 3145 83e4 7730 ff3c 6987 5183 7446 a635 d0a3 33fd f9f1 d1b1 

NUM_SIZE = 256
MSG_SIZE = 32
msg
6e65 7720 6d65 7373 6167 6520 6672 6f6d 2063 6c69 656e 7420 6e75 6d62 6572 2035 

random padding
len pad : 224
020f 132b b2db ab23 12e7 545c 7de9 8bc2 79ad 7424 de6f 0b25 7cc3 bad4 ad89 5440 
b7a4 ae29 d7da 4b99 f179 1346 e805 9335 15d9 db2f 199a fb4d 3f96 e9a8 69dc 67bc 
dfd3 ef4c 3735 b83a fd41 3aea ee1b e0c5 cd53 f985 1671 92be 885b 1c8c 6470 30f6 
5707 5f55 f5d0 8651 f897 c643 8177 5cc0 a3ca da38 19ef 57eb cb11 94d4 0db5 a27c 
4175 bf6b 761d 52c7 98c6 89e3 8a06 40d3 a315 c15f 7843 7e87 d99a 1e70 6ea6 4cb8 
2fe8 76b3 e2c8 2e0a e659 183b f487 e696 e9d1 65b9 057f 9be1 1807 b2cc e435 c8ad 
b23f 9b1c 8ae1 701f 4293 6fc7 fd54 1d94 19a6 816d b5ea e521 3e96 6195 6932 006e 
6577 206d 6573 7361 6765 2066 726f 6d20 636c 6965 6e74 206e 756d 6265 7220 35
encoded1
202e 1d26 8698 f367 1d71 ba57 bf14 4380 fbad c4a4 dca4 5a96 a480 4c18 7cbf cfc4 
6c66 cf96 9317 f7e9 9ed7 f1bf d86c 90f4 217b 8457 d658 04f7 92b8 e2f8 f651 a7ff 
223b d4c8 43c2 f899 76b6 5ab9 e300 b8a0 ebcd 551a f0dd 2adc aec4 0a01 4318 5617 
870d cb5e a97c aaaf 7b07 14b6 ff37 6224 d458 b2a7 ec78 6a9f 21a1 4bf7 f2e6 82ef 
26c7 58e5 49cc 6a9a da6f e9c5 e6a1 e595 5916 fc28 1558 182d ab1f ea29 d675 a0b5 
d4ac e496 63f3 52a6 ee64 684d 92cf 55b0 c597 821b f831 e24d 6abf 23f1 a926 035d 
9a64 4fe6 a381 f099 3383 de0a b3f1 6f09 9941 a49b 1b55 375e 29ad 9ed5 328b 41af 
3615 e6bf 12d5 4048 4551 130f 6690 9984 6e03 e942 0f10 1ab1 a9eb 43f5 78ba 924f 

enc bytes =  b' .\x1d&\x86\x98\xf3g\x1dq\xbaW\xbf\x14C\x80\xfb\xad\xc4\xa4\xdc\xa4Z\x96\xa4\x80L\x18|\xbf\xcf\xc4lf\xcf\x96\x93\x17\xf7\xe9\x9e\xd7\xf1\xbf\xd8l\x90\xf4!{\x84W\xd6X\x04\xf7\x92\xb8\xe2\xf8\xf6Q\xa7\xff";\xd4\xc8C\xc2\xf8\x99v\xb6Z\xb9\xe3\x00\xb8\xa0\xeb\xcdU\x1a\xf0\xdd*\xdc\xae\xc4\n\x01C\x18V\x17\x87\r\xcb^\xa9|\xaa\xaf{\x07\x14\xb6\xff7b$\xd4X\xb2\xa7\xecxj\x9f!\xa1K\xf7\xf2\xe6\x82\xef&\xc7X\xe5I\xccj\x9a\xdao\xe9\xc5\xe6\xa1\xe5\x95Y\x16\xfc(\x15X\x18-\xab\x1f\xea)\xd6u\xa0\xb5\xd4\xac\xe4\x96c\xf3R\xa6\xeedhM\x92\xcfU\xb0\xc5\x97\x82\x1b\xf81\xe2Mj\xbf#\xf1\xa9&\x03]\x9adO\xe6\xa3\x81\xf0\x993\x83\xde\n\xb3\xf1o\t\x99A\xa4\x9b\x1bU7^)\xad\x9e\xd52\x8bA\xaf6\x15\xe6\xbf\x12\xd5@HEQ\x13\x0ff\x90\x99\x84n\x03\xe9B\x0f\x10\x1a\xb1\xa9\xebC\xf5x\xba\x92O'
b' .\x1d&\x86\x98\xf3g\x1dq\xbaW\xbf\x14C\x80\xfb\xad\xc4\xa4\xdc\xa4Z\x96\xa4\x80L\x18|\xbf\xcf\xc4lf\xcf\x96\x93\x17\xf7\xe9\x9e\xd7\xf1\xbf\xd8l\x90\xf4!{\x84W\xd6X\x04\xf7\x92\xb8\xe2\xf8\xf6Q\xa7\xff";\xd4\xc8C\xc2\xf8\x99v\xb6Z\xb9\xe3\x00\xb8\xa0\xeb\xcdU\x1a\xf0\xdd*\xdc\xae\xc4\n\x01C\x18V\x17\x87\r\xcb^\xa9|\xaa\xaf{\x07\x14\xb6\xff7b$\xd4X\xb2\xa7\xecxj\x9f!\xa1K\xf7\xf2\xe6\x82\xef&\xc7X\xe5I\xccj\x9a\xdao\xe9\xc5\xe6\xa1\xe5\x95Y\x16\xfc(\x15X\x18-\xab\x1f\xea)\xd6u\xa0\xb5\xd4\xac\xe4\x96c\xf3R\xa6\xeedhM\x92\xcfU\xb0\xc5\x97\x82\x1b\xf81\xe2Mj\xbf#\xf1\xa9&\x03]\x9adO\xe6\xa3\x81\xf0\x993\x83\xde\n\xb3\xf1o\t\x99A\xa4\x9b\x1bU7^)\xad\x9e\xd52\x8bA\xaf6\x15\xe6\xbf\x12\xd5@HEQ\x13\x0ff\x90\x99\x84n\x03\xe9B\x0f\x10\x1a\xb1\xa9\xebC\xf5x\xba\x92O\x00'
n
d0c0 20d4 76fc 0939 7144 7a77 6bd6 c544 cf44 3f22 1335 0bfb 8eba 0f86 440d 1dd3 
2ae2 de63 f973 6ce6 8293 a40d 075b 123a cc08 57be 2196 2489 2ec7 2e2a 681f 39c4 
6dca 4697 ff79 b06d 5097 1988 9917 fdcf 2aff 81e8 fc1e 60ef 0201 71da 2200 db93 
4fc2 b6b0 fd50 8179 3ba2 84b8 c9cf df11 85b7 23c8 83af b56f 46ae 4979 6aef 7e73 
f4ff 29fc e15d 2eab 2c49 f57f 3c31 72bf 0358 8110 ea2c 6312 1257 e8f9 d343 2f65 
5e23 c41e 86c0 21d9 c1ca 3edc d329 2e24 3b3c dc08 f207 7a31 f1ec f099 10e7 8032 
592b da6c 126a abfc 192f f2f1 1fe8 f56e 5ca0 14a9 a745 fbfa 1d42 f02a b945 f7bb 
4e9c b644 157d 5561 3145 83e4 7730 ff3c 6987 5183 7446 a635 d0a3 33fd f9f1 d1b1 

NUM_SIZE = 256
MSG_SIZE = 32
msg
6e65 7720 6d65 7373 6167 6520 6672 6f6d 2063 6c69 656e 7420 6e75 6d62 6572 2031 

random padding
len pad : 224
02eb e78d 371a a035 9e98 21e2 8231 c3a8 8493 1771 c272 75ea 7951 c17b c1ac ebec 
0491 f2f0 dcea f327 b298 07aa a19c 0587 adb2 9667 8bbe b77f 88a2 bfdc 8636 f098 
1988 43a8 b57c 028d 1b48 d410 6b05 4343 ee56 6356 25d3 6761 3cf3 494e 3d82 2ab6 
0ca7 cca9 b1e6 c5b0 344f 3a57 aa09 df5b 7a46 a666 b6d5 1f11 68ae 1612 d735 0ac2 
88c4 d332 a203 63ec 74f9 ef65 7a3d 54e3 1d7f bbdd 0a6c 5161 506d acaa 976f 047b 
2a57 8da5 07af 8bab c324 2e3c f5c6 7528 b9f0 0910 07a7 61df 0dd9 81ac 0dd4 2e50 
0509 be8c 85c1 33f1 c602 fb8a 95b9 eb15 ddc7 1208 d962 83fc 3a35 f21d aad0 006e 
6577 206d 6573 7361 6765 2066 726f 6d20 636c 6965 6e74 206e 756d 6265 7220 31
encoded1
3c4f c2b4 6898 ba4f 7c64 db8f 17a3 b0dc 531a ec06 2c79 d18a 0557 04d7 b987 086e 
d3fa c08d 2ee1 1c98 f2fc f4a4 ca5a 39da 1509 0ff4 8a57 2dee 07fb a331 8bb9 39c3 
ef07 dbd9 b981 bac8 8af4 5a12 7daa fc6d 9722 f91c 7cf0 4577 926d b782 a003 2d94 
cc10 3fd6 9958 7e57 e6c6 44d6 97c6 d893 f898 2f60 1530 a90c 9461 f0d7 9713 996b 
f7cb 682e 035a 23d0 6e8a d766 0979 a1d0 2f98 2273 656d 3552 70f5 1a23 0eaf 2ea1 
cd93 e118 9604 2db6 525d 329b 768f 84a1 3910 2d05 0da8 b4b1 aad1 b90e 7b96 91a7 
0175 8b22 ca78 265e 2cfa 2777 5137 7031 5205 d378 434d 9ff7 e87f b047 1a20 7144 
970b d84c 4dfd 40fc 1f5f 3d6a 792c 97dc fc45 4eeb bc9f 7835 3d7b dd79 f163 7099 

enc bytes =  b'<O\xc2\xb4h\x98\xbaO|d\xdb\x8f\x17\xa3\xb0\xdcS\x1a\xec\x06,y\xd1\x8a\x05W\x04\xd7\xb9\x87\x08n\xd3\xfa\xc0\x8d.\xe1\x1c\x98\xf2\xfc\xf4\xa4\xcaZ9\xda\x15\t\x0f\xf4\x8aW-\xee\x07\xfb\xa31\x8b\xb99\xc3\xef\x07\xdb\xd9\xb9\x81\xba\xc8\x8a\xf4Z\x12}\xaa\xfcm\x97"\xf9\x1c|\xf0Ew\x92m\xb7\x82\xa0\x03-\x94\xcc\x10?\xd6\x99X~W\xe6\xc6D\xd6\x97\xc6\xd8\x93\xf8\x98/`\x150\xa9\x0c\x94a\xf0\xd7\x97\x13\x99k\xf7\xcbh.\x03Z#\xd0n\x8a\xd7f\ty\xa1\xd0/\x98"sem5Rp\xf5\x1a#\x0e\xaf.\xa1\xcd\x93\xe1\x18\x96\x04-\xb6R]2\x9bv\x8f\x84\xa19\x10-\x05\r\xa8\xb4\xb1\xaa\xd1\xb9\x0e{\x96\x91\xa7\x01u\x8b"\xcax&^,\xfa\'wQ7p1R\x05\xd3xCM\x9f\xf7\xe8\x7f\xb0G\x1a qD\x97\x0b\xd8LM\xfd@\xfc\x1f_=jy,\x97\xdc\xfcEN\xeb\xbc\x9fx5={\xddy\xf1cp\x99'
b'<O\xc2\xb4h\x98\xbaO|d\xdb\x8f\x17\xa3\xb0\xdcS\x1a\xec\x06,y\xd1\x8a\x05W\x04\xd7\xb9\x87\x08n\xd3\xfa\xc0\x8d.\xe1\x1c\x98\xf2\xfc\xf4\xa4\xcaZ9\xda\x15\t\x0f\xf4\x8aW-\xee\x07\xfb\xa31\x8b\xb99\xc3\xef\x07\xdb\xd9\xb9\x81\xba\xc8\x8a\xf4Z\x12}\xaa\xfcm\x97"\xf9\x1c|\xf0Ew\x92m\xb7\x82\xa0\x03-\x94\xcc\x10?\xd6\x99X~W\xe6\xc6D\xd6\x97\xc6\xd8\x93\xf8\x98/`\x150\xa9\x0c\x94a\xf0\xd7\x97\x13\x99k\xf7\xcbh.\x03Z#\xd0n\x8a\xd7f\ty\xa1\xd0/\x98"sem5Rp\xf5\x1a#\x0e\xaf.\xa1\xcd\x93\xe1\x18\x96\x04-\xb6R]2\x9bv\x8f\x84\xa19\x10-\x05\r\xa8\xb4\xb1\xaa\xd1\xb9\x0e{\x96\x91\xa7\x01u\x8b"\xcax&^,\xfa\'wQ7p1R\x05\xd3xCM\x9f\xf7\xe8\x7f\xb0G\x1a qD\x97\x0b\xd8LM\xfd@\xfc\x1f_=jy,\x97\xdc\xfcEN\xeb\xbc\x9fx5={\xddy\xf1cp\x99\x00'
n
d0c0 20d4 76fc 0939 7144 7a77 6bd6 c544 cf44 3f22 1335 0bfb 8eba 0f86 440d 1dd3 
2ae2 de63 f973 6ce6 8293 a40d 075b 123a cc08 57be 2196 2489 2ec7 2e2a 681f 39c4 
6dca 4697 ff79 b06d 5097 1988 9917 fdcf 2aff 81e8 fc1e 60ef 0201 71da 2200 db93 
4fc2 b6b0 fd50 8179 3ba2 84b8 c9cf df11 85b7 23c8 83af b56f 46ae 4979 6aef 7e73 
f4ff 29fc e15d 2eab 2c49 f57f 3c31 72bf 0358 8110 ea2c 6312 1257 e8f9 d343 2f65 
5e23 c41e 86c0 21d9 c1ca 3edc d329 2e24 3b3c dc08 f207 7a31 f1ec f099 10e7 8032 
592b da6c 126a abfc 192f f2f1 1fe8 f56e 5ca0 14a9 a745 fbfa 1d42 f02a b945 f7bb 
4e9c b644 157d 5561 3145 83e4 7730 ff3c 6987 5183 7446 a635 d0a3 33fd f9f1 d1b1 

NUM_SIZE = 256
MSG_SIZE = 32
msg
6e65 7720 6d65 7373 6167 6520 6672 6f6d 2063 6c69 656e 7420 6e75 6d62 6572 2033 

random padding
len pad : 224
02e2 910d 8f43 fe8e 92ef 403a 5edc 2c59 2cd9 4007 666b c09f 0f43 1793 5c63 3e2c 
5124 0e1c b260 96c2 6f65 c33a 3b8f 0745 9fdf 7753 85a9 8aed 89ff 4e45 1270 80a2 
59d9 309e 4c4e b376 16ae f1b1 d294 256a a7e0 231b 4da5 1c30 446a d04f 2745 061f 
2c74 d2b8 1bc4 1448 5470 4570 843e d0f7 e965 597c 8b77 88fc 1374 e6b0 6313 d40b 
f756 ab48 9d5f 1bef d47a 653b 30b4 3e5f bd26 19ba 953c f2fc 5554 37ba 72bb 6264 
d138 dc88 441d d91a d102 4cd0 ae35 07fb e96b f793 7094 dfbe 1a8e 1f97 50ac 10f5 
5553 dc78 0132 cb9f d68e f483 d13d 98e2 1989 062c 3b7d 5138 9695 57c9 4ac6 006e 
6577 206d 6573 7361 6765 2066 726f 6d20 636c 6965 6e74 206e 756d 6265 7220 33
encoded1
29b7 9f5a 7834 8a0c e62a 0770 7577 7531 8a9e 1cb7 1590 97f7 4f9f ef56 7032 f5f1 
b187 ccdc b646 1030 f187 9818 6cc3 d32b 2aa1 e8c2 aa72 1746 8803 8e80 e5c2 7d21 
fa1b f4a7 8a6b 198d 0727 d57b b45a ad38 0f73 f5f1 66f8 2370 50ca ac5e 20ba f1ee 
2e01 d9a6 6d70 3b9d cac5 01ab 3beb c9d9 3474 ba8d b7f7 3b9a be7b 1c29 3c20 ff28 
d852 38ec b9b9 b9dc d14d 6f81 666f 1dc4 c64e 5761 72c6 825b 8386 6cab f69c abcc 
2ee0 bbc7 21cb ad0e 4de7 7a88 d478 9417 345d 5b27 55a8 c8c8 ae7b 1eb6 a4ba 7228 
d471 c00c 7d07 d057 a8ca 6ddc 76bb 0abf f902 7591 db34 e778 bfe7 589c 0b23 3bb9 
5b39 4225 0b68 86b2 c8ae 0856 f6c9 deb0 b9ba 4f17 5d46 2c24 7ac8 6b91 7500 b20d 

enc bytes =  b")\xb7\x9fZx4\x8a\x0c\xe6*\x07puwu1\x8a\x9e\x1c\xb7\x15\x90\x97\xf7O\x9f\xefVp2\xf5\xf1\xb1\x87\xcc\xdc\xb6F\x100\xf1\x87\x98\x18l\xc3\xd3+*\xa1\xe8\xc2\xaar\x17F\x88\x03\x8e\x80\xe5\xc2}!\xfa\x1b\xf4\xa7\x8ak\x19\x8d\x07'\xd5{\xb4Z\xad8\x0fs\xf5\xf1f\xf8#pP\xca\xac^ \xba\xf1\xee.\x01\xd9\xa6mp;\x9d\xca\xc5\x01\xab;\xeb\xc9\xd94t\xba\x8d\xb7\xf7;\x9a\xbe{\x1c)< \xff(\xd8R8\xec\xb9\xb9\xb9\xdc\xd1Mo\x81fo\x1d\xc4\xc6NWar\xc6\x82[\x83\x86l\xab\xf6\x9c\xab\xcc.\xe0\xbb\xc7!\xcb\xad\x0eM\xe7z\x88\xd4x\x94\x174]['U\xa8\xc8\xc8\xae{\x1e\xb6\xa4\xbar(\xd4q\xc0\x0c}\x07\xd0W\xa8\xcam\xdcv\xbb\n\xbf\xf9\x02u\x91\xdb4\xe7x\xbf\xe7X\x9c\x0b#;\xb9[9B%\x0bh\x86\xb2\xc8\xae\x08V\xf6\xc9\xde\xb0\xb9\xbaO\x17]F,$z\xc8k\x91u\x00\xb2\r"
b")\xb7\x9fZx4\x8a\x0c\xe6*\x07puwu1\x8a\x9e\x1c\xb7\x15\x90\x97\xf7O\x9f\xefVp2\xf5\xf1\xb1\x87\xcc\xdc\xb6F\x100\xf1\x87\x98\x18l\xc3\xd3+*\xa1\xe8\xc2\xaar\x17F\x88\x03\x8e\x80\xe5\xc2}!\xfa\x1b\xf4\xa7\x8ak\x19\x8d\x07'\xd5{\xb4Z\xad8\x0fs\xf5\xf1f\xf8#pP\xca\xac^ \xba\xf1\xee.\x01\xd9\xa6mp;\x9d\xca\xc5\x01\xab;\xeb\xc9\xd94t\xba\x8d\xb7\xf7;\x9a\xbe{\x1c)< \xff(\xd8R8\xec\xb9\xb9\xb9\xdc\xd1Mo\x81fo\x1d\xc4\xc6NWar\xc6\x82[\x83\x86l\xab\xf6\x9c\xab\xcc.\xe0\xbb\xc7!\xcb\xad\x0eM\xe7z\x88\xd4x\x94\x174]['U\xa8\xc8\xc8\xae{\x1e\xb6\xa4\xbar(\xd4q\xc0\x0c}\x07\xd0W\xa8\xcam\xdcv\xbb\n\xbf\xf9\x02u\x91\xdb4\xe7x\xbf\xe7X\x9c\x0b#;\xb9[9B%\x0bh\x86\xb2\xc8\xae\x08V\xf6\xc9\xde\xb0\xb9\xbaO\x17]F,$z\xc8k\x91u\x00\xb2\r\x00"
n
d0c0 20d4 76fc 0939 7144 7a77 6bd6 c544 cf44 3f22 1335 0bfb 8eba 0f86 440d 1dd3 
2ae2 de63 f973 6ce6 8293 a40d 075b 123a cc08 57be 2196 2489 2ec7 2e2a 681f 39c4 
6dca 4697 ff79 b06d 5097 1988 9917 fdcf 2aff 81e8 fc1e 60ef 0201 71da 2200 db93 
4fc2 b6b0 fd50 8179 3ba2 84b8 c9cf df11 85b7 23c8 83af b56f 46ae 4979 6aef 7e73 
f4ff 29fc e15d 2eab 2c49 f57f 3c31 72bf 0358 8110 ea2c 6312 1257 e8f9 d343 2f65 
5e23 c41e 86c0 21d9 c1ca 3edc d329 2e24 3b3c dc08 f207 7a31 f1ec f099 10e7 8032 
592b da6c 126a abfc 192f f2f1 1fe8 f56e 5ca0 14a9 a745 fbfa 1d42 f02a b945 f7bb 
4e9c b644 157d 5561 3145 83e4 7730 ff3c 6987 5183 7446 a635 d0a3 33fd f9f1 d1b1 

NUM_SIZE = 256
MSG_SIZE = 32
msg
6e65 7720 6d65 7373 6167 6520 6672 6f6d 2063 6c69 656e 7420 6e75 6d62 6572 2037 

random padding
len pad : 224
0227 67b8 aa1e 2bd3 142b d372 fe6d 1e80 ec9c bcd4 6612 950b 4bee 0a0d 29cd 4b87 
02b6 1d8c 6f0d a619 2c94 7b64 f11c 662f c587 ac8e 6cb4 e29a af3d da3c f18c b191 
7feb ead3 3ca6 2a61 720c 4473 fb25 9e73 65eb a4be bc0e cf36 0672 589b 84e9 fad1 
6e42 5a18 3e87 9f91 ba9f f5de 063d 80a3 05b0 bdf2 f386 2556 e4a8 a050 6ce6 6d7e 
9cdb d469 72ea ac28 6d7c 78f4 b21d 5feb 0269 55c6 1230 79da 9f15 ea13 1212 80ea 
1cc5 94f3 837f 946b 1816 af09 b2d2 1284 35d4 4ae7 abce e338 2ace 7486 e735 2f33 
bf8e a41f 7ff7 46a4 237e 2821 b967 65c7 ebf0 3080 66d8 1ed4 9133 b66e b101 006e 
6577 206d 6573 7361 6765 2066 726f 6d20 636c 6965 6e74 206e 756d 6265 7220 37
encoded1
73c2 4620 2107 7ed5 579c bdb0 1f32 6299 612d ba91 b7d9 008e 7fdf 37b4 162f f37c 
e8f8 c34e ac51 54b7 1e0b ed08 8532 5e6c 31b8 a089 7a1e 2d27 1063 0785 eab5 9751 
6015 6721 d3d9 1c8c c0d6 dd85 8991 4cea 40db 7bb8 b42f a43d bfbd 72c4 8fb3 4ce8 
6db6 fb71 da9a ee26 cbbf aa5d 8121 551b 2b69 59d8 7b5a 3e1e 9238 a9fd 0dc6 2ce2 
1327 245a c78b f014 f156 345e 6587 6f55 11f7 1e41 5781 3cfa 7732 a8f0 c2a4 5a29 
588f 7e13 830e a649 9b05 69c7 df84 65e8 f17d 92cc 94d7 f011 9541 7961 3156 570e 
3316 df09 00e7 3e2b 5756 a493 8706 417d 61c9 1de7 19ed e3ac 0f32 4f75 0fc6 f324 
f0d6 7276 601d 00c0 fc98 eacf 79e2 732b 9d99 6d37 9e66 8b75 05f6 61c3 4aac d558 

enc bytes =  b"s\xc2F !\x07~\xd5W\x9c\xbd\xb0\x1f2b\x99a-\xba\x91\xb7\xd9\x00\x8e\x7f\xdf7\xb4\x16/\xf3|\xe8\xf8\xc3N\xacQT\xb7\x1e\x0b\xed\x08\x852^l1\xb8\xa0\x89z\x1e-'\x10c\x07\x85\xea\xb5\x97Q`\x15g!\xd3\xd9\x1c\x8c\xc0\xd6\xdd\x85\x89\x91L\xea@\xdb{\xb8\xb4/\xa4=\xbf\xbdr\xc4\x8f\xb3L\xe8m\xb6\xfbq\xda\x9a\xee&\xcb\xbf\xaa]\x81!U\x1b+iY\xd8{Z>\x1e\x928\xa9\xfd\r\xc6,\xe2\x13'$Z\xc7\x8b\xf0\x14\xf1V4^e\x87oU\x11\xf7\x1eAW\x81<\xfaw2\xa8\xf0\xc2\xa4Z)X\x8f~\x13\x83\x0e\xa6I\x9b\x05i\xc7\xdf\x84e\xe8\xf1}\x92\xcc\x94\xd7\xf0\x11\x95Aya1VW\x0e3\x16\xdf\t\x00\xe7>+WV\xa4\x93\x87\x06A}a\xc9\x1d\xe7\x19\xed\xe3\xac\x0f2Ou\x0f\xc6\xf3$\xf0\xd6rv`\x1d\x00\xc0\xfc\x98\xea\xcfy\xe2s+\x9d\x99m7\x9ef\x8bu\x05\xf6a\xc3J\xac\xd5X"
b"s\xc2F !\x07~\xd5W\x9c\xbd\xb0\x1f2b\x99a-\xba\x91\xb7\xd9\x00\x8e\x7f\xdf7\xb4\x16/\xf3|\xe8\xf8\xc3N\xacQT\xb7\x1e\x0b\xed\x08\x852^l1\xb8\xa0\x89z\x1e-'\x10c\x07\x85\xea\xb5\x97Q`\x15g!\xd3\xd9\x1c\x8c\xc0\xd6\xdd\x85\x89\x91L\xea@\xdb{\xb8\xb4/\xa4=\xbf\xbdr\xc4\x8f\xb3L\xe8m\xb6\xfbq\xda\x9a\xee&\xcb\xbf\xaa]\x81!U\x1b+iY\xd8{Z>\x1e\x928\xa9\xfd\r\xc6,\xe2\x13'$Z\xc7\x8b\xf0\x14\xf1V4^e\x87oU\x11\xf7\x1eAW\x81<\xfaw2\xa8\xf0\xc2\xa4Z)X\x8f~\x13\x83\x0e\xa6I\x9b\x05i\xc7\xdf\x84e\xe8\xf1}\x92\xcc\x94\xd7\xf0\x11\x95Aya1VW\x0e3\x16\xdf\t\x00\xe7>+WV\xa4\x93\x87\x06A}a\xc9\x1d\xe7\x19\xed\xe3\xac\x0f2Ou\x0f\xc6\xf3$\xf0\xd6rv`\x1d\x00\xc0\xfc\x98\xea\xcfy\xe2s+\x9d\x99m7\x9ef\x8bu\x05\xf6a\xc3J\xac\xd5X\x00"
n
d0c0 20d4 76fc 0939 7144 7a77 6bd6 c544 cf44 3f22 1335 0bfb 8eba 0f86 440d 1dd3 
2ae2 de63 f973 6ce6 8293 a40d 075b 123a cc08 57be 2196 2489 2ec7 2e2a 681f 39c4 
6dca 4697 ff79 b06d 5097 1988 9917 fdcf 2aff 81e8 fc1e 60ef 0201 71da 2200 db93 
4fc2 b6b0 fd50 8179 3ba2 84b8 c9cf df11 85b7 23c8 83af b56f 46ae 4979 6aef 7e73 
f4ff 29fc e15d 2eab 2c49 f57f 3c31 72bf 0358 8110 ea2c 6312 1257 e8f9 d343 2f65 
5e23 c41e 86c0 21d9 c1ca 3edc d329 2e24 3b3c dc08 f207 7a31 f1ec f099 10e7 8032 
592b da6c 126a abfc 192f f2f1 1fe8 f56e 5ca0 14a9 a745 fbfa 1d42 f02a b945 f7bb 
4e9c b644 157d 5561 3145 83e4 7730 ff3c 6987 5183 7446 a635 d0a3 33fd f9f1 d1b1 

NUM_SIZE = 256
MSG_SIZE = 32
msg
6e65 7720 6d65 7373 6167 6520 6672 6f6d 2063 6c69 656e 7420 6e75 6d62 6572 2038 

random padding
len pad : 224
0227 d420 e688 86a0 7ce1 5df1 a716 c28a 529f 1569 4864 f0e2 a4cb ca0c 7b6b 6d15 
e28b 1e31 5fbb 54e7 608e 2167 b067 d3f4 dd97 be07 10aa 15f8 8d66 6cfc 5945 dd06 
3bf0 cc07 6064 d97f 4836 3737 3845 d056 cd2d 4817 adca 0417 e21b 0ca4 e45c dec5 
c69e f820 333f b55c 6231 043a e5a4 a8f0 57aa d326 5627 044a d1c5 d39f e8b1 7203 
2b93 0f8a 3bd7 661d b271 361f 2ee6 ee4d 3526 51f0 1a5f eb58 d5c3 ecc9 f1d4 c0f9 
05b6 b0bf 7502 ac3e e7dc 6b8c 12bd d778 d12d 61c7 d6bc 52e9 e752 374f b39d c321 
1ee9 c7b8 3b39 f578 87ce 5a7e 7c28 922e 3020 b6fb b107 bf3f 59ea a3d9 7e49 006e 
6577 206d 6573 7361 6765 2066 726f 6d20 636c 6965 6e74 206e 756d 6265 7220 38
encoded1
870d a2fd c5f1 020e f1fd 9a98 a251 35a1 d168 554d 52f8 87d6 9703 a93b 28e2 3f14 
0a97 aebb e009 0ed0 0ed9 2082 ddd9 f7fa 96ba 1a22 cf41 e376 4dd6 bf45 b44d 7507 
0ca2 03a0 87d3 92ae 48e1 99e7 d019 2bcf aa7e ebf4 7061 429b 64b9 7abb 3d96 58a4 
5801 0c85 96fa c0ee 7243 b8d5 fba1 7770 5046 190e b004 a641 2376 bb00 beb8 7b19 
352b 575b 8a5f b6ee 2c15 957e 7e3f 2544 dca2 9278 b0ea 4f41 5422 0e41 1f5e af5f 
0616 e826 b0ec 8230 6735 f2dd c269 c0d9 4e8f 9df4 c994 d62d 66c4 28a1 8845 dd65 
a6c6 f21a c822 4b7d 5604 eb41 9e19 81b1 be0d 4f70 94b1 161c a53c 5e9d 59da e792 
c1fc 3b92 8aeb df75 aadd 2c58 3503 5108 7063 7e2b 961e 2dd0 7d0c 7df0 421d 7e29 

enc bytes =  b'\x87\r\xa2\xfd\xc5\xf1\x02\x0e\xf1\xfd\x9a\x98\xa2Q5\xa1\xd1hUMR\xf8\x87\xd6\x97\x03\xa9;(\xe2?\x14\n\x97\xae\xbb\xe0\t\x0e\xd0\x0e\xd9 \x82\xdd\xd9\xf7\xfa\x96\xba\x1a"\xcfA\xe3vM\xd6\xbfE\xb4Mu\x07\x0c\xa2\x03\xa0\x87\xd3\x92\xaeH\xe1\x99\xe7\xd0\x19+\xcf\xaa~\xeb\xf4paB\x9bd\xb9z\xbb=\x96X\xa4X\x01\x0c\x85\x96\xfa\xc0\xeerC\xb8\xd5\xfb\xa1wpPF\x19\x0e\xb0\x04\xa6A#v\xbb\x00\xbe\xb8{\x195+W[\x8a_\xb6\xee,\x15\x95~~?%D\xdc\xa2\x92x\xb0\xeaOAT"\x0eA\x1f^\xaf_\x06\x16\xe8&\xb0\xec\x820g5\xf2\xdd\xc2i\xc0\xd9N\x8f\x9d\xf4\xc9\x94\xd6-f\xc4(\xa1\x88E\xdde\xa6\xc6\xf2\x1a\xc8"K}V\x04\xebA\x9e\x19\x81\xb1\xbe\rOp\x94\xb1\x16\x1c\xa5<^\x9dY\xda\xe7\x92\xc1\xfc;\x92\x8a\xeb\xdfu\xaa\xdd,X5\x03Q\x08pc~+\x96\x1e-\xd0}\x0c}\xf0B\x1d~)'
b'\x87\r\xa2\xfd\xc5\xf1\x02\x0e\xf1\xfd\x9a\x98\xa2Q5\xa1\xd1hUMR\xf8\x87\xd6\x97\x03\xa9;(\xe2?\x14\n\x97\xae\xbb\xe0\t\x0e\xd0\x0e\xd9 \x82\xdd\xd9\xf7\xfa\x96\xba\x1a"\xcfA\xe3vM\xd6\xbfE\xb4Mu\x07\x0c\xa2\x03\xa0\x87\xd3\x92\xaeH\xe1\x99\xe7\xd0\x19+\xcf\xaa~\xeb\xf4paB\x9bd\xb9z\xbb=\x96X\xa4X\x01\x0c\x85\x96\xfa\xc0\xeerC\xb8\xd5\xfb\xa1wpPF\x19\x0e\xb0\x04\xa6A#v\xbb\x00\xbe\xb8{\x195+W[\x8a_\xb6\xee,\x15\x95~~?%D\xdc\xa2\x92x\xb0\xeaOAT"\x0eA\x1f^\xaf_\x06\x16\xe8&\xb0\xec\x820g5\xf2\xdd\xc2i\xc0\xd9N\x8f\x9d\xf4\xc9\x94\xd6-f\xc4(\xa1\x88E\xdde\xa6\xc6\xf2\x1a\xc8"K}V\x04\xebA\x9e\x19\x81\xb1\xbe\rOp\x94\xb1\x16\x1c\xa5<^\x9dY\xda\xe7\x92\xc1\xfc;\x92\x8a\xeb\xdfu\xaa\xdd,X5\x03Q\x08pc~+\x96\x1e-\xd0}\x0c}\xf0B\x1d~)\x00'
n
d0c0 20d4 76fc 0939 7144 7a77 6bd6 c544 cf44 3f22 1335 0bfb 8eba 0f86 440d 1dd3 
2ae2 de63 f973 6ce6 8293 a40d 075b 123a cc08 57be 2196 2489 2ec7 2e2a 681f 39c4 
6dca 4697 ff79 b06d 5097 1988 9917 fdcf 2aff 81e8 fc1e 60ef 0201 71da 2200 db93 
4fc2 b6b0 fd50 8179 3ba2 84b8 c9cf df11 85b7 23c8 83af b56f 46ae 4979 6aef 7e73 
f4ff 29fc e15d 2eab 2c49 f57f 3c31 72bf 0358 8110 ea2c 6312 1257 e8f9 d343 2f65 
5e23 c41e 86c0 21d9 c1ca 3edc d329 2e24 3b3c dc08 f207 7a31 f1ec f099 10e7 8032 
592b da6c 126a abfc 192f f2f1 1fe8 f56e 5ca0 14a9 a745 fbfa 1d42 f02a b945 f7bb 
4e9c b644 157d 5561 3145 83e4 7730 ff3c 6987 5183 7446 a635 d0a3 33fd f9f1 d1b1 

NUM_SIZE = 256
MSG_SIZE = 33
msg
6e65 7720 6d65 7373 6167 6520 6672 6f6d 2063 6c69 656e 7420 6e75 6d62 6572 2031 
30
random padding
len pad : 223
029e a148 3996 ac53 c9a6 1c4d 9490 c561 7ac4 ec44 aabc dacc 134b 5d84 5b59 251f 
df5e 8ade f0e2 ce45 2a15 1282 4931 72f1 8e9a 5337 f234 3ec8 3c21 21c6 5d1e 8b01 
2c28 d15e c374 f67c e6da 48a1 fd0c 66ff caf4 cd77 83f2 f1e2 a3bb 6abb 905b ec6e 
5613 eee3 1189 bfb0 e4f2 70f8 155a 1efb 97ec 074f 33b0 067e 67ea 149f f373 30ac 
08bd 550c 7b8c 91f1 7fde bf88 27e4 9c33 6c36 d174 88ba d223 1020 e9a2 160d 04f7 
287a 8498 e124 6cdd fed7 7a2e ee89 3ab6 45ca 42fc 38be e52d e4ad 33b8 0ce3 ebc9 
dd61 9e4a f3c6 4d81 939d 0fd2 6a6b 6b56 c8f2 4a8d 3b69 d7be 9b3e 7931 2f00 6e65 
7720 6d65 7373 6167 6520 6672 6f6d 2063 6c69 656e 7420 6e75 6d62 6572 2031 30
encoded1
2cce f569 a16a 3717 2e5b 0ccd ac45 20e8 8367 8abf 7425 e26d 522c ad66 1c43 1285 
137a 97d6 1620 ff33 9468 e760 f5e1 0c0a 9a53 8fe2 a03d 548f c24f e8c0 76bd d17e 
8a80 5031 552d cf21 5298 1d7e bfd3 13c8 8eac 8ad2 e239 f484 1e68 5d65 4fb6 7b60 
ffc0 5aca 629e 2402 79a9 4e32 41bb 4314 e9a5 64a6 48c3 c2d6 2d05 fac9 cbdd df4a 
18bf c44f de19 4326 abb9 5403 1b80 13f3 c9ba 75c1 412a 4894 cdc2 b557 8862 fc1d 
0d60 aa53 ad93 f865 936d 5fee aed7 c24f f887 d8e8 4f61 04c3 e1ea 48f6 25ac 1744 
d92d 26e3 c244 3a0a 7ffe 98ed 5bd7 e66d b5c4 e59a c21e eff2 08df 729d 40c3 62d2 
afbc 7298 93c1 d586 bde0 3475 a512 4c78 d7fa efc2 1059 f926 ef63 0c1c fdc5 75cc 

enc bytes =  b',\xce\xf5i\xa1j7\x17.[\x0c\xcd\xacE \xe8\x83g\x8a\xbft%\xe2mR,\xadf\x1cC\x12\x85\x13z\x97\xd6\x16 \xff3\x94h\xe7`\xf5\xe1\x0c\n\x9aS\x8f\xe2\xa0=T\x8f\xc2O\xe8\xc0v\xbd\xd1~\x8a\x80P1U-\xcf!R\x98\x1d~\xbf\xd3\x13\xc8\x8e\xac\x8a\xd2\xe29\xf4\x84\x1eh]eO\xb6{`\xff\xc0Z\xcab\x9e$\x02y\xa9N2A\xbbC\x14\xe9\xa5d\xa6H\xc3\xc2\xd6-\x05\xfa\xc9\xcb\xdd\xdfJ\x18\xbf\xc4O\xde\x19C&\xab\xb9T\x03\x1b\x80\x13\xf3\xc9\xbau\xc1A*H\x94\xcd\xc2\xb5W\x88b\xfc\x1d\r`\xaaS\xad\x93\xf8e\x93m_\xee\xae\xd7\xc2O\xf8\x87\xd8\xe8Oa\x04\xc3\xe1\xeaH\xf6%\xac\x17D\xd9-&\xe3\xc2D:\n\x7f\xfe\x98\xed[\xd7\xe6m\xb5\xc4\xe5\x9a\xc2\x1e\xef\xf2\x08\xdfr\x9d@\xc3b\xd2\xaf\xbcr\x98\x93\xc1\xd5\x86\xbd\xe04u\xa5\x12Lx\xd7\xfa\xef\xc2\x10Y\xf9&\xefc\x0c\x1c\xfd\xc5u\xcc'
b',\xce\xf5i\xa1j7\x17.[\x0c\xcd\xacE \xe8\x83g\x8a\xbft%\xe2mR,\xadf\x1cC\x12\x85\x13z\x97\xd6\x16 \xff3\x94h\xe7`\xf5\xe1\x0c\n\x9aS\x8f\xe2\xa0=T\x8f\xc2O\xe8\xc0v\xbd\xd1~\x8a\x80P1U-\xcf!R\x98\x1d~\xbf\xd3\x13\xc8\x8e\xac\x8a\xd2\xe29\xf4\x84\x1eh]eO\xb6{`\xff\xc0Z\xcab\x9e$\x02y\xa9N2A\xbbC\x14\xe9\xa5d\xa6H\xc3\xc2\xd6-\x05\xfa\xc9\xcb\xdd\xdfJ\x18\xbf\xc4O\xde\x19C&\xab\xb9T\x03\x1b\x80\x13\xf3\xc9\xbau\xc1A*H\x94\xcd\xc2\xb5W\x88b\xfc\x1d\r`\xaaS\xad\x93\xf8e\x93m_\xee\xae\xd7\xc2O\xf8\x87\xd8\xe8Oa\x04\xc3\xe1\xeaH\xf6%\xac\x17D\xd9-&\xe3\xc2D:\n\x7f\xfe\x98\xed[\xd7\xe6m\xb5\xc4\xe5\x9a\xc2\x1e\xef\xf2\x08\xdfr\x9d@\xc3b\xd2\xaf\xbcr\x98\x93\xc1\xd5\x86\xbd\xe04u\xa5\x12Lx\xd7\xfa\xef\xc2\x10Y\xf9&\xefc\x0c\x1c\xfd\xc5u\xcc\x00'
n
d0c0 20d4 76fc 0939 7144 7a77 6bd6 c544 cf44 3f22 1335 0bfb 8eba 0f86 440d 1dd3 
2ae2 de63 f973 6ce6 8293 a40d 075b 123a cc08 57be 2196 2489 2ec7 2e2a 681f 39c4 
6dca 4697 ff79 b06d 5097 1988 9917 fdcf 2aff 81e8 fc1e 60ef 0201 71da 2200 db93 
4fc2 b6b0 fd50 8179 3ba2 84b8 c9cf df11 85b7 23c8 83af b56f 46ae 4979 6aef 7e73 
f4ff 29fc e15d 2eab 2c49 f57f 3c31 72bf 0358 8110 ea2c 6312 1257 e8f9 d343 2f65 
5e23 c41e 86c0 21d9 c1ca 3edc d329 2e24 3b3c dc08 f207 7a31 f1ec f099 10e7 8032 
592b da6c 126a abfc 192f f2f1 1fe8 f56e 5ca0 14a9 a745 fbfa 1d42 f02a b945 f7bb 
4e9c b644 157d 5561 3145 83e4 7730 ff3c 6987 5183 7446 a635 d0a3 33fd f9f1 d1b1 

NUM_SIZE = 256
MSG_SIZE = 32
msg
6e65 7720 6d65 7373 6167 6520 6672 6f6d 2063 6c69 656e 7420 6e75 6d62 6572 2036 

random padding
len pad : 224
02fe efea 98f7 341f de6f 3d09 bac9 f3eb c70c 934d 2df8 9ee8 fa9d 01b2 4529 11a3 
f2d5 ea8f c5af 263d c65a 4fbe 5abc a759 0463 80e6 d80c 436e 53d6 eeee 7610 df76 
b948 de39 ae2a 8056 c89f bba3 cabf f831 d62a 4e80 f90f d378 bcdc 6831 4427 e1b2 
3438 9cd7 d593 877e d67d 339b 0e87 2fb8 abba 6ce1 ef64 a817 e5b9 7967 0a8f ab64 
608d 2fc0 2ff7 20ab c171 c760 9358 ed2b 7c6a ddf5 655e 7d7e b850 872a df75 770a 
e00a 91ee 4c0d 4e98 393c de39 4a48 57a4 ba1a 367d 6b3e 9349 dcfc d70f 640c a9d9 
ea46 13c7 43f8 ff80 4ce8 2288 526d 017d 7428 e150 f41b 57d6 ee4d e0b0 27cb 006e 
6577 206d 6573 7361 6765 2066 726f 6d20 636c 6965 6e74 206e 756d 6265 7220 36
encoded1
97f9 05a8 5bc0 222e 0820 decc f896 0136 e561 8058 b104 e802 b0d1 752a 936e 43bd 
0652 dc2e 5b7e 385c 1471 0388 9702 0080 f489 86bf 13af c455 77ea 4b6d 0f06 d58b 
ed16 5ff1 62c6 eef5 f3df 6001 9306 a445 dc48 fb18 0f48 3bf0 45d4 7c4e 4255 72fc 
8404 cb55 d83d 1f0f 4800 fb37 b5ed 2cce 6a6c fc5c d8b3 19e9 a9a7 a2c7 4f98 b57f 
540e 14bb 8d93 0605 f020 e739 3602 8e65 e747 65c0 b349 f187 45b7 c270 4958 1489 
6b8f 2fae d913 e412 10cd bc4d dd83 2226 0e82 344d 09db 54a4 ce56 b1b3 1984 2d1c 
e013 7f98 aa4e 9d50 8f75 d1d7 e7c1 4717 ee29 ab71 c87e 2044 a737 be14 cb8b 47a7 
a92e 6318 af50 79f0 3ff8 17cf 8396 0c86 7a4f 7c02 c709 4797 6c51 ee6c 5908 2473 

enc bytes =  b'\x97\xf9\x05\xa8[\xc0".\x08 \xde\xcc\xf8\x96\x016\xe5a\x80X\xb1\x04\xe8\x02\xb0\xd1u*\x93nC\xbd\x06R\xdc.[~8\\\x14q\x03\x88\x97\x02\x00\x80\xf4\x89\x86\xbf\x13\xaf\xc4Uw\xeaKm\x0f\x06\xd5\x8b\xed\x16_\xf1b\xc6\xee\xf5\xf3\xdf`\x01\x93\x06\xa4E\xdcH\xfb\x18\x0fH;\xf0E\xd4|NBUr\xfc\x84\x04\xcbU\xd8=\x1f\x0fH\x00\xfb7\xb5\xed,\xcejl\xfc\\\xd8\xb3\x19\xe9\xa9\xa7\xa2\xc7O\x98\xb5\x7fT\x0e\x14\xbb\x8d\x93\x06\x05\xf0 \xe796\x02\x8ee\xe7Ge\xc0\xb3I\xf1\x87E\xb7\xc2pIX\x14\x89k\x8f/\xae\xd9\x13\xe4\x12\x10\xcd\xbcM\xdd\x83"&\x0e\x824M\t\xdbT\xa4\xceV\xb1\xb3\x19\x84-\x1c\xe0\x13\x7f\x98\xaaN\x9dP\x8fu\xd1\xd7\xe7\xc1G\x17\xee)\xabq\xc8~ D\xa77\xbe\x14\xcb\x8bG\xa7\xa9.c\x18\xafPy\xf0?\xf8\x17\xcf\x83\x96\x0c\x86zO|\x02\xc7\tG\x97lQ\xeelY\x08$s'
b'\x97\xf9\x05\xa8[\xc0".\x08 \xde\xcc\xf8\x96\x016\xe5a\x80X\xb1\x04\xe8\x02\xb0\xd1u*\x93nC\xbd\x06R\xdc.[~8\\\x14q\x03\x88\x97\x02\x00\x80\xf4\x89\x86\xbf\x13\xaf\xc4Uw\xeaKm\x0f\x06\xd5\x8b\xed\x16_\xf1b\xc6\xee\xf5\xf3\xdf`\x01\x93\x06\xa4E\xdcH\xfb\x18\x0fH;\xf0E\xd4|NBUr\xfc\x84\x04\xcbU\xd8=\x1f\x0fH\x00\xfb7\xb5\xed,\xcejl\xfc\\\xd8\xb3\x19\xe9\xa9\xa7\xa2\xc7O\x98\xb5\x7fT\x0e\x14\xbb\x8d\x93\x06\x05\xf0 \xe796\x02\x8ee\xe7Ge\xc0\xb3I\xf1\x87E\xb7\xc2pIX\x14\x89k\x8f/\xae\xd9\x13\xe4\x12\x10\xcd\xbcM\xdd\x83"&\x0e\x824M\t\xdbT\xa4\xceV\xb1\xb3\x19\x84-\x1c\xe0\x13\x7f\x98\xaaN\x9dP\x8fu\xd1\xd7\xe7\xc1G\x17\xee)\xabq\xc8~ D\xa77\xbe\x14\xcb\x8bG\xa7\xa9.c\x18\xafPy\xf0?\xf8\x17\xcf\x83\x96\x0c\x86zO|\x02\xc7\tG\x97lQ\xeelY\x08$s\x00'
